<?xml version="1.0" encoding="UTF-8"?>
<!-- Generated by org.testng.reporters.JUnitReportReporter -->
<testsuite hostname="BOOK-DA60ANED4E" failures="0" tests="23" name="com.tutorialsninja.runners.Test_Runner_TestNG" time="173.377" errors="0" timestamp="2024-01-10T16:33:29 CST" skipped="0">
  <testcase classname="com.tutorialsninja.runners.Test_Runner_TestNG" name="runScenario" time="6.986"/>
  <system-out/>
  <testcase classname="com.tutorialsninja.runners.Test_Runner_TestNG" name="runScenario" time="6.086"/>
  <system-out/>
  <testcase classname="com.tutorialsninja.runners.Test_Runner_TestNG" name="runScenario" time="16.356"/>
  <system-out/>
  <testcase classname="com.tutorialsninja.runners.Test_Runner_TestNG" name="runScenario" time="7.439"/>
  <system-out/>
  <testcase classname="com.tutorialsninja.runners.Test_Runner_TestNG" name="runScenario" time="7.328"/>
  <system-out/>
  <testcase classname="com.tutorialsninja.runners.Test_Runner_TestNG" name="runScenario" time="7.545"/>
  <system-out/>
  <testcase classname="com.tutorialsninja.runners.Test_Runner_TestNG" name="runScenario" time="7.270"/>
  <system-out/>
  <testcase classname="com.tutorialsninja.runners.Test_Runner_TestNG" name="runScenario" time="6.783"/>
  <system-out/>
  <testcase classname="com.tutorialsninja.runners.Test_Runner_TestNG" name="runScenario" time="5.797"/>
  <system-out/>
  <testcase classname="com.tutorialsninja.runners.Test_Runner_TestNG" name="runScenario" time="7.825"/>
  <system-out/>
  <testcase classname="com.tutorialsninja.runners.Test_Runner_TestNG" name="runScenario" time="7.374"/>
  <system-out/>
  <testcase classname="com.tutorialsninja.runners.Test_Runner_TestNG" name="runScenario" time="7.246"/>
  <system-out/>
  <testcase classname="com.tutorialsninja.runners.Test_Runner_TestNG" name="runScenario" time="7.772"/>
  <system-out/>
  <testcase classname="com.tutorialsninja.runners.Test_Runner_TestNG" name="runScenario" time="7.586"/>
  <system-out/>
  <testcase classname="com.tutorialsninja.runners.Test_Runner_TestNG" name="runScenario" time="6.707"/>
  <system-out/>
  <testcase classname="com.tutorialsninja.runners.Test_Runner_TestNG" name="runScenario" time="6.436"/>
  <system-out/>
  <testcase classname="com.tutorialsninja.runners.Test_Runner_TestNG" name="runScenario" time="7.331"/>
  <system-out/>
  <testcase classname="com.tutorialsninja.runners.Test_Runner_TestNG" name="runScenario" time="7.286"/>
  <system-out/>
  <testcase classname="com.tutorialsninja.runners.Test_Runner_TestNG" name="runScenario" time="6.694"/>
  <system-out/>
  <testcase classname="com.tutorialsninja.runners.Test_Runner_TestNG" name="runScenario" time="7.619"/>
  <system-out/>
  <testcase classname="com.tutorialsninja.runners.Test_Runner_TestNG" name="runScenario" time="7.543"/>
  <system-out/>
  <testcase classname="com.tutorialsninja.runners.Test_Runner_TestNG" name="runScenario" time="7.307"/>
  <system-out/>
  <testcase classname="com.tutorialsninja.runners.Test_Runner_TestNG" name="runScenario" time="7.061"/>
  <system-out/>
</testsuite> <!-- com.tutorialsninja.runners.Test_Runner_TestNG -->
